aivectra.frame = { id=1, width=640, height=360, hash="640x360|n=|s=|f=true|b=false" }
aivectra.node = { frame=1, order=1, id="root", parent="", kind="Group", transform="matrix(1,0,0,1,0,0)", fill="", stroke="", stroke_width=0, text="", path="", font_size=0, x=0, y=0, w=0, h=0 }
aivectra.node = { frame=1, order=2, id="window_bg", parent="root", kind="Rect", transform="matrix(1,0,0,1,0,0)", fill="#0f172a", stroke="", stroke_width=0, text="", path="", font_size=0, x=0, y=0, w=640, h=360 }
aivectra.node = { frame=1, order=3, id="panel_blur_12", parent="root", kind="Rect", transform="matrix(1,0,0,1,0,0)", fill="#020617", stroke="", stroke_width=0, text="", path="", font_size=0, x=8, y=8, w=624, h=344 }
aivectra.node = { frame=1, order=4, id="panel_blur_11", parent="root", kind="Rect", transform="matrix(1,0,0,1,0,0)", fill="#0f172a", stroke="", stroke_width=0, text="", path="", font_size=0, x=9, y=9, w=622, h=342 }
aivectra.node = { frame=1, order=5, id="panel_blur_10", parent="root", kind="Rect", transform="matrix(1,0,0,1,0,0)", fill="#0f172a", stroke="", stroke_width=0, text="", path="", font_size=0, x=10, y=10, w=620, h=340 }
aivectra.node = { frame=1, order=6, id="panel_blur_9", parent="root", kind="Rect", transform="matrix(1,0,0,1,0,0)", fill="#0f172a", stroke="", stroke_width=0, text="", path="", font_size=0, x=11, y=11, w=618, h=338 }
aivectra.node = { frame=1, order=7, id="panel_blur_8", parent="root", kind="Rect", transform="matrix(1,0,0,1,0,0)", fill="#0f172a", stroke="", stroke_width=0, text="", path="", font_size=0, x=12, y=12, w=616, h=336 }
aivectra.node = { frame=1, order=8, id="panel_blur_7", parent="root", kind="Rect", transform="matrix(1,0,0,1,0,0)", fill="#0f172a", stroke="", stroke_width=0, text="", path="", font_size=0, x=13, y=13, w=614, h=334 }
aivectra.node = { frame=1, order=9, id="panel_blur_6", parent="root", kind="Rect", transform="matrix(1,0,0,1,0,0)", fill="#172554", stroke="", stroke_width=0, text="", path="", font_size=0, x=14, y=14, w=612, h=332 }
aivectra.node = { frame=1, order=10, id="panel_blur_5", parent="root", kind="Rect", transform="matrix(1,0,0,1,0,0)", fill="#172554", stroke="", stroke_width=0, text="", path="", font_size=0, x=15, y=15, w=610, h=330 }
aivectra.node = { frame=1, order=11, id="panel_blur_4", parent="root", kind="Rect", transform="matrix(1,0,0,1,0,0)", fill="#172554", stroke="", stroke_width=0, text="", path="", font_size=0, x=16, y=16, w=608, h=328 }
aivectra.node = { frame=1, order=12, id="panel_blur_3", parent="root", kind="Rect", transform="matrix(1,0,0,1,0,0)", fill="#1e293b", stroke="", stroke_width=0, text="", path="", font_size=0, x=17, y=17, w=606, h=326 }
aivectra.node = { frame=1, order=13, id="panel_blur_2", parent="root", kind="Rect", transform="matrix(1,0,0,1,0,0)", fill="#1e293b", stroke="", stroke_width=0, text="", path="", font_size=0, x=18, y=18, w=604, h=324 }
aivectra.node = { frame=1, order=14, id="panel_blur_1", parent="root", kind="Rect", transform="matrix(1,0,0,1,0,0)", fill="#1e293b", stroke="", stroke_width=0, text="", path="", font_size=0, x=19, y=19, w=602, h=322 }
aivectra.node = { frame=1, order=15, id="panel_grad_0", parent="root", kind="Rect", transform="matrix(1,0,0,1,0,0)", fill="#1e293b", stroke="", stroke_width=0, text="", path="", font_size=0, x=20, y=20, w=600, h=8 }
aivectra.node = { frame=1, order=16, id="panel_grad_8", parent="root", kind="Rect", transform="matrix(1,0,0,1,0,0)", fill="#1e293b", stroke="", stroke_width=0, text="", path="", font_size=0, x=20, y=28, w=600, h=8 }
aivectra.node = { frame=1, order=17, id="panel_grad_16", parent="root", kind="Rect", transform="matrix(1,0,0,1,0,0)", fill="#1e293b", stroke="", stroke_width=0, text="", path="", font_size=0, x=20, y=36, w=600, h=8 }
aivectra.node = { frame=1, order=18, id="panel_grad_24", parent="root", kind="Rect", transform="matrix(1,0,0,1,0,0)", fill="#1e293b", stroke="", stroke_width=0, text="", path="", font_size=0, x=20, y=44, w=600, h=8 }
aivectra.node = { frame=1, order=19, id="panel_grad_32", parent="root", kind="Rect", transform="matrix(1,0,0,1,0,0)", fill="#1e293b", stroke="", stroke_width=0, text="", path="", font_size=0, x=20, y=52, w=600, h=8 }
aivectra.node = { frame=1, order=20, id="panel_grad_40", parent="root", kind="Rect", transform="matrix(1,0,0,1,0,0)", fill="#1e293b", stroke="", stroke_width=0, text="", path="", font_size=0, x=20, y=60, w=600, h=8 }
aivectra.node = { frame=1, order=21, id="panel_grad_48", parent="root", kind="Rect", transform="matrix(1,0,0,1,0,0)", fill="#1e293b", stroke="", stroke_width=0, text="", path="", font_size=0, x=20, y=68, w=600, h=8 }
aivectra.node = { frame=1, order=22, id="panel_grad_56", parent="root", kind="Rect", transform="matrix(1,0,0,1,0,0)", fill="#1e293b", stroke="", stroke_width=0, text="", path="", font_size=0, x=20, y=76, w=600, h=8 }
aivectra.node = { frame=1, order=23, id="panel_grad_64", parent="root", kind="Rect", transform="matrix(1,0,0,1,0,0)", fill="#1e293b", stroke="", stroke_width=0, text="", path="", font_size=0, x=20, y=84, w=600, h=8 }
aivectra.node = { frame=1, order=24, id="panel_grad_72", parent="root", kind="Rect", transform="matrix(1,0,0,1,0,0)", fill="#1e293b", stroke="", stroke_width=0, text="", path="", font_size=0, x=20, y=92, w=600, h=8 }
aivectra.node = { frame=1, order=25, id="panel_grad_80", parent="root", kind="Rect", transform="matrix(1,0,0,1,0,0)", fill="#334155", stroke="", stroke_width=0, text="", path="", font_size=0, x=20, y=100, w=600, h=8 }
aivectra.node = { frame=1, order=26, id="panel_grad_88", parent="root", kind="Rect", transform="matrix(1,0,0,1,0,0)", fill="#334155", stroke="", stroke_width=0, text="", path="", font_size=0, x=20, y=108, w=600, h=8 }
aivectra.node = { frame=1, order=27, id="panel_grad_96", parent="root", kind="Rect", transform="matrix(1,0,0,1,0,0)", fill="#334155", stroke="", stroke_width=0, text="", path="", font_size=0, x=20, y=116, w=600, h=8 }
aivectra.node = { frame=1, order=28, id="panel_grad_104", parent="root", kind="Rect", transform="matrix(1,0,0,1,0,0)", fill="#334155", stroke="", stroke_width=0, text="", path="", font_size=0, x=20, y=124, w=600, h=8 }
aivectra.node = { frame=1, order=29, id="panel_grad_112", parent="root", kind="Rect", transform="matrix(1,0,0,1,0,0)", fill="#334155", stroke="", stroke_width=0, text="", path="", font_size=0, x=20, y=132, w=600, h=8 }
aivectra.node = { frame=1, order=30, id="panel_grad_120", parent="root", kind="Rect", transform="matrix(1,0,0,1,0,0)", fill="#334155", stroke="", stroke_width=0, text="", path="", font_size=0, x=20, y=140, w=600, h=8 }
aivectra.node = { frame=1, order=31, id="panel_grad_128", parent="root", kind="Rect", transform="matrix(1,0,0,1,0,0)", fill="#334155", stroke="", stroke_width=0, text="", path="", font_size=0, x=20, y=148, w=600, h=8 }
aivectra.node = { frame=1, order=32, id="panel_grad_136", parent="root", kind="Rect", transform="matrix(1,0,0,1,0,0)", fill="#334155", stroke="", stroke_width=0, text="", path="", font_size=0, x=20, y=156, w=600, h=8 }
aivectra.node = { frame=1, order=33, id="panel_grad_144", parent="root", kind="Rect", transform="matrix(1,0,0,1,0,0)", fill="#334155", stroke="", stroke_width=0, text="", path="", font_size=0, x=20, y=164, w=600, h=8 }
aivectra.node = { frame=1, order=34, id="panel_grad_152", parent="root", kind="Rect", transform="matrix(1,0,0,1,0,0)", fill="#334155", stroke="", stroke_width=0, text="", path="", font_size=0, x=20, y=172, w=600, h=8 }
aivectra.node = { frame=1, order=35, id="panel_grad_160", parent="root", kind="Rect", transform="matrix(1,0,0,1,0,0)", fill="#334155", stroke="", stroke_width=0, text="", path="", font_size=0, x=20, y=180, w=600, h=8 }
aivectra.node = { frame=1, order=36, id="panel_grad_168", parent="root", kind="Rect", transform="matrix(1,0,0,1,0,0)", fill="#334155", stroke="", stroke_width=0, text="", path="", font_size=0, x=20, y=188, w=600, h=8 }
aivectra.node = { frame=1, order=37, id="panel_grad_176", parent="root", kind="Rect", transform="matrix(1,0,0,1,0,0)", fill="#334155", stroke="", stroke_width=0, text="", path="", font_size=0, x=20, y=196, w=600, h=8 }
aivectra.node = { frame=1, order=38, id="panel_grad_184", parent="root", kind="Rect", transform="matrix(1,0,0,1,0,0)", fill="#334155", stroke="", stroke_width=0, text="", path="", font_size=0, x=20, y=204, w=600, h=8 }
aivectra.node = { frame=1, order=39, id="panel_grad_192", parent="root", kind="Rect", transform="matrix(1,0,0,1,0,0)", fill="#334155", stroke="", stroke_width=0, text="", path="", font_size=0, x=20, y=212, w=600, h=8 }
aivectra.node = { frame=1, order=40, id="panel_grad_200", parent="root", kind="Rect", transform="matrix(1,0,0,1,0,0)", fill="#334155", stroke="", stroke_width=0, text="", path="", font_size=0, x=20, y=220, w=600, h=8 }
aivectra.node = { frame=1, order=41, id="panel_grad_208", parent="root", kind="Rect", transform="matrix(1,0,0,1,0,0)", fill="#334155", stroke="", stroke_width=0, text="", path="", font_size=0, x=20, y=228, w=600, h=8 }
aivectra.node = { frame=1, order=42, id="panel_grad_216", parent="root", kind="Rect", transform="matrix(1,0,0,1,0,0)", fill="#334155", stroke="", stroke_width=0, text="", path="", font_size=0, x=20, y=236, w=600, h=8 }
aivectra.node = { frame=1, order=43, id="panel_grad_224", parent="root", kind="Rect", transform="matrix(1,0,0,1,0,0)", fill="#334155", stroke="", stroke_width=0, text="", path="", font_size=0, x=20, y=244, w=600, h=8 }
aivectra.node = { frame=1, order=44, id="panel_grad_232", parent="root", kind="Rect", transform="matrix(1,0,0,1,0,0)", fill="#334155", stroke="", stroke_width=0, text="", path="", font_size=0, x=20, y=252, w=600, h=8 }
aivectra.node = { frame=1, order=45, id="panel_grad_240", parent="root", kind="Rect", transform="matrix(1,0,0,1,0,0)", fill="#1e293b", stroke="", stroke_width=0, text="", path="", font_size=0, x=20, y=260, w=600, h=8 }
aivectra.node = { frame=1, order=46, id="panel_grad_248", parent="root", kind="Rect", transform="matrix(1,0,0,1,0,0)", fill="#1e293b", stroke="", stroke_width=0, text="", path="", font_size=0, x=20, y=268, w=600, h=8 }
aivectra.node = { frame=1, order=47, id="panel_grad_256", parent="root", kind="Rect", transform="matrix(1,0,0,1,0,0)", fill="#1e293b", stroke="", stroke_width=0, text="", path="", font_size=0, x=20, y=276, w=600, h=8 }
aivectra.node = { frame=1, order=48, id="panel_grad_264", parent="root", kind="Rect", transform="matrix(1,0,0,1,0,0)", fill="#1e293b", stroke="", stroke_width=0, text="", path="", font_size=0, x=20, y=284, w=600, h=8 }
aivectra.node = { frame=1, order=49, id="panel_grad_272", parent="root", kind="Rect", transform="matrix(1,0,0,1,0,0)", fill="#1e293b", stroke="", stroke_width=0, text="", path="", font_size=0, x=20, y=292, w=600, h=8 }
aivectra.node = { frame=1, order=50, id="panel_grad_280", parent="root", kind="Rect", transform="matrix(1,0,0,1,0,0)", fill="#1e293b", stroke="", stroke_width=0, text="", path="", font_size=0, x=20, y=300, w=600, h=8 }
aivectra.node = { frame=1, order=51, id="panel_grad_288", parent="root", kind="Rect", transform="matrix(1,0,0,1,0,0)", fill="#1e293b", stroke="", stroke_width=0, text="", path="", font_size=0, x=20, y=308, w=600, h=8 }
aivectra.node = { frame=1, order=52, id="panel_grad_296", parent="root", kind="Rect", transform="matrix(1,0,0,1,0,0)", fill="#1e293b", stroke="", stroke_width=0, text="", path="", font_size=0, x=20, y=316, w=600, h=8 }
aivectra.node = { frame=1, order=53, id="panel_grad_304", parent="root", kind="Rect", transform="matrix(1,0,0,1,0,0)", fill="#1e293b", stroke="", stroke_width=0, text="", path="", font_size=0, x=20, y=324, w=600, h=8 }
aivectra.node = { frame=1, order=54, id="panel_grad_312", parent="root", kind="Rect", transform="matrix(1,0,0,1,0,0)", fill="#1e293b", stroke="", stroke_width=0, text="", path="", font_size=0, x=20, y=332, w=600, h=8 }
aivectra.node = { frame=1, order=55, id="title", parent="root", kind="Text", transform="matrix(1,0,0,1,0,0)", fill="#ffffff", stroke="", stroke_width=0, text="Enter your name", path="", font_size=28, x=72, y=72, w=0, h=0 }
aivectra.node = { frame=1, order=56, id="name_input_bg", parent="root", kind="Rect", transform="matrix(1,0,0,1,0,0)", fill="#172554", stroke="", stroke_width=0, text="", path="", font_size=0, x=72, y=112, w=496, h=52 }
aivectra.node = { frame=1, order=57, id="name_input_text", parent="root", kind="Text", transform="matrix(1,0,0,1,0,0)", fill="#ffffff", stroke="", stroke_width=0, text="", path="", font_size=24, x=88, y=126, w=0, h=0 }
aivectra.node = { frame=1, order=58, id="button_shadow_7", parent="root", kind="Rect", transform="matrix(1,0,0,1,0,0)", fill="#020617", stroke="", stroke_width=0, text="", path="", font_size=0, x=247, y=199, w=154, h=66 }
aivectra.node = { frame=1, order=59, id="button_shadow_6", parent="root", kind="Rect", transform="matrix(1,0,0,1,0,0)", fill="#0f172a", stroke="", stroke_width=0, text="", path="", font_size=0, x=248, y=200, w=152, h=64 }
aivectra.node = { frame=1, order=60, id="button_shadow_5", parent="root", kind="Rect", transform="matrix(1,0,0,1,0,0)", fill="#0f172a", stroke="", stroke_width=0, text="", path="", font_size=0, x=249, y=201, w=150, h=62 }
aivectra.node = { frame=1, order=61, id="button_shadow_4", parent="root", kind="Rect", transform="matrix(1,0,0,1,0,0)", fill="#0f172a", stroke="", stroke_width=0, text="", path="", font_size=0, x=250, y=202, w=148, h=60 }
aivectra.node = { frame=1, order=62, id="button_shadow_3", parent="root", kind="Rect", transform="matrix(1,0,0,1,0,0)", fill="#172554", stroke="", stroke_width=0, text="", path="", font_size=0, x=251, y=203, w=146, h=58 }
aivectra.node = { frame=1, order=63, id="button_shadow_2", parent="root", kind="Rect", transform="matrix(1,0,0,1,0,0)", fill="#172554", stroke="", stroke_width=0, text="", path="", font_size=0, x=252, y=204, w=144, h=56 }
aivectra.node = { frame=1, order=64, id="button_shadow_1", parent="root", kind="Rect", transform="matrix(1,0,0,1,0,0)", fill="#1e293b", stroke="", stroke_width=0, text="", path="", font_size=0, x=253, y=205, w=142, h=54 }
aivectra.node = { frame=1, order=65, id="submit_button", parent="root", kind="Rect", transform="matrix(1,0,0,1,0,0)", fill="#2563eb", stroke="", stroke_width=0, text="", path="", font_size=0, x=250, y=200, w=140, h=52 }
aivectra.node = { frame=1, order=66, id="submit_button_text", parent="root", kind="Text", transform="matrix(1,0,0,1,0,0)", fill="#ffffff", stroke="", stroke_width=0, text="Submit", path="", font_size=22, x=290, y=215, w=0, h=0 }
aivectra.node = { frame=1, order=67, id="hint1", parent="root", kind="Text", transform="matrix(1,0,0,1,0,0)", fill="#cbd5e1", stroke="", stroke_width=0, text="Type to edit. Enter submits.", path="", font_size=15, x=72, y=268, w=0, h=0 }
aivectra.node = { frame=1, order=68, id="hint2", parent="root", kind="Text", transform="matrix(1,0,0,1,0,0)", fill="#cbd5e1", stroke="", stroke_width=0, text="Backspace/Delete edits text.", path="", font_size=15, x=72, y=290, w=0, h=0 }
aivectra.node = { frame=1, order=69, id="status", parent="root", kind="Text", transform="matrix(1,0,0,1,0,0)", fill="#ffffff", stroke="", stroke_width=0, text="Greeting: (press Submit)", path="", font_size=18, x=72, y=314, w=0, h=0 }
aivectra.frame_end = { id=1, node_count=69 }
Err#vm_err(code=VM001 message="Arity mismatch for loop." nodeId=loop)
